# JRE version: Java(TM) SE Runtime Environment 18.9 (11.0.17+10) (build 11.0.17+10-LTS-269)
# Java VM: Java HotSpot(TM) 64-Bit Server VM 18.9 (11.0.17+10-LTS-269, mixed mode, tiered, compressed oops, g1 gc, windows-amd64)
Heap:
 garbage-first heap   total 131072K, used 25626K [0x0000000080000000, 0x0000000100000000)
  region size 1024K, 12 young (12288K), 4 survivors (4096K)
 Metaspace       used 21503K, capacity 21946K, committed 22320K, reserved 536576K
  class space    used 2642K, capacity 2820K, committed 2944K, reserved 516096K
GC Heap History (10 events):
Event: 26.703 GC heap before
{Heap before GC invocations=0 (full 0):
 garbage-first heap   total 131072K, used 13312K [0x0000000080000000, 0x0000000100000000)
  region size 1024K, 14 young (14336K), 0 survivors (0K)
 Metaspace       used 6675K, capacity 6856K, committed 7168K, reserved 524288K
  class space    used 576K, capacity 650K, committed 768K, reserved 516096K
}
Event: 27.645 GC heap after
{Heap after GC invocations=1 (full 0):
 garbage-first heap   total 131072K, used 4405K [0x0000000080000000, 0x0000000100000000)
  region size 1024K, 2 young (2048K), 2 survivors (2048K)
 Metaspace       used 6675K, capacity 6856K, committed 7168K, reserved 524288K
  class space    used 576K, capacity 650K, committed 768K, reserved 516096K
}
Event: 32.516 GC heap before
{Heap before GC invocations=1 (full 0):
 garbage-first heap   total 131072K, used 20789K [0x0000000080000000, 0x0000000100000000)
  region size 1024K, 14 young (14336K), 2 survivors (2048K)
 Metaspace       used 9817K, capacity 10049K, committed 10112K, reserved 526336K
  class space    used 1017K, capacity 1102K, committed 1152K, reserved 516096K
}
Event: 32.521 GC heap after
{Heap after GC invocations=2 (full 0):
 garbage-first heap   total 131072K, used 10711K [0x0000000080000000, 0x0000000100000000)
  region size 1024K, 2 young (2048K), 2 survivors (2048K)
 Metaspace       used 9817K, capacity 10049K, committed 10112K, reserved 526336K
  class space    used 1017K, capacity 1102K, committed 1152K, reserved 516096K
}
Event: 49.822 GC heap before
{Heap before GC invocations=2 (full 0):
 garbage-first heap   total 131072K, used 40407K [0x0000000080000000, 0x0000000100000000)
  region size 1024K, 31 young (31744K), 2 survivors (2048K)
 Metaspace       used 10823K, capacity 11065K, committed 11264K, reserved 526336K
  class space    used 1119K, capacity 1206K, committed 1280K, reserved 516096K
}
Event: 49.828 GC heap after
{Heap after GC invocations=3 (full 0):
 garbage-first heap   total 131072K, used 14756K [0x0000000080000000, 0x0000000100000000)
  region size 1024K, 4 young (4096K), 4 survivors (4096K)
 Metaspace       used 10823K, capacity 11065K, committed 11264K, reserved 526336K
  class space    used 1119K, capacity 1206K, committed 1280K, reserved 516096K
}
Event: 83.316 GC heap before
{Heap before GC invocations=3 (full 0):
 garbage-first heap   total 131072K, used 57764K [0x0000000080000000, 0x0000000100000000)
  region size 1024K, 46 young (47104K), 4 survivors (4096K)
 Metaspace       used 18654K, capacity 18981K, committed 19328K, reserved 534528K
  class space    used 2185K, capacity 2314K, committed 2432K, reserved 516096K
}
Event: 83.462 GC heap after
{Heap after GC invocations=4 (full 0):
 garbage-first heap   total 131072K, used 17771K [0x0000000080000000, 0x0000000100000000)
  region size 1024K, 6 young (6144K), 6 survivors (6144K)
 Metaspace       used 18654K, capacity 18981K, committed 19328K, reserved 534528K
  class space    used 2185K, capacity 2314K, committed 2432K, reserved 516096K
}
Event: 87.436 GC heap before
{Heap before GC invocations=4 (full 0):
 garbage-first heap   total 131072K, used 36203K [0x0000000080000000, 0x0000000100000000)
  region size 1024K, 25 young (25600K), 6 survivors (6144K)
 Metaspace       used 20790K, capacity 21221K, committed 21296K, reserved 536576K
  class space    used 2512K, capacity 2685K, committed 2688K, reserved 516096K
}
Event: 87.482 GC heap after
{Heap after GC invocations=5 (full 0):
 garbage-first heap   total 131072K, used 18458K [0x0000000080000000, 0x0000000100000000)
  region size 1024K, 4 young (4096K), 4 survivors (4096K)
 Metaspace       used 20790K, capacity 21221K, committed 21296K, reserved 536576K
  class space    used 2512K, capacity 2685K, committed 2688K, reserved 516096K
}

